--------------------
./configure
Sat Mar 18 19:46:44 AST 2017
Checking for gcc...
=== ztest476.c ===
extern int getchar();
int hello() {return getchar();}
===
gcc -c ztest476.c
... using gcc
Please use win32/Makefile.gcc instead.
** ./configure aborting.
--------------------


--------------------
./configure
Sat Mar 18 19:50:20 AST 2017
Checking for gcc...
=== ztest5024.c ===
extern int getchar();
int hello() {return getchar();}
===
gcc -c ztest5024.c
... using gcc
Please use win32/Makefile.gcc instead.
** ./configure aborting.
--------------------


--------------------
./configure
Sat Mar 18 19:51:40 AST 2017
Checking for gcc...
=== ztest10156.c ===
extern int getchar();
int hello() {return getchar();}
===
gcc -c ztest10156.c
... using gcc
Please use win32/Makefile.gcc instead.
** ./configure aborting.
--------------------


--------------------
./configure
Sat Mar 18 19:54:02 AST 2017
Checking for gcc...
=== ztest1500.c ===
extern int getchar();
int hello() {return getchar();}
===
gcc -c ztest1500.c
... using gcc
Please use win32/Makefile.gcc instead.
** ./configure aborting.
--------------------


--------------------
./configure
Thu, Jan 23, 2020 11:18:54 PM
Checking for gcc...
=== ztest8378.c ===
extern int getchar();
int hello() {return getchar();}
===
gcc -c ztest8378.c
... using gcc
Please use win32/Makefile.gcc instead.
** ./configure aborting.
--------------------


