d:\epsilon\epsilon engine\creator\project6\project6\x64\debug\vc142.pdb
d:\epsilon\epsilon engine\creator\project6\project6\x64\debug\.netframework,version=v4.7.2.assemblyattributes.obj
d:\epsilon\epsilon engine\creator\project6\project6\x64\debug\myform.obj
d:\epsilon\epsilon engine\creator\project6\project6\x64\debug\main.obj
d:\epsilon\epsilon engine\creator\project6\project6\x64\debug\assemblyinfo.obj
d:\epsilon\epsilon engine\creator\project6\project6\x64\debug\project6.myform.resources
d:\epsilon\epsilon engine\creator\project6\project6\x64\debug\project6.vcxproj.generateresource.cache
d:\epsilon\epsilon engine\creator\project6\x64\debug\epsiloncreator.pdb
d:\epsilon\epsilon engine\creator\project6\project6\x64\debug\epsiloncreator.tlog\cl.command.1.tlog
d:\epsilon\epsilon engine\creator\project6\project6\x64\debug\epsiloncreator.tlog\cl.read.1.tlog
d:\epsilon\epsilon engine\creator\project6\project6\x64\debug\epsiloncreator.tlog\cl.write.1.tlog
d:\epsilon\epsilon engine\creator\project6\project6\x64\debug\epsiloncreator.tlog\epsiloncreator.write.1u.tlog
d:\epsilon\epsilon engine\creator\project6\project6\x64\debug\epsiloncreator.tlog\link.1624-cvtres.read.1.tlog
d:\epsilon\epsilon engine\creator\project6\project6\x64\debug\epsiloncreator.tlog\link.1624-cvtres.write.1.tlog
d:\epsilon\epsilon engine\creator\project6\project6\x64\debug\epsiloncreator.tlog\link.1624-rc.read.1.tlog
d:\epsilon\epsilon engine\creator\project6\project6\x64\debug\epsiloncreator.tlog\link.1624-rc.write.1.tlog
d:\epsilon\epsilon engine\creator\project6\project6\x64\debug\epsiloncreator.tlog\link.1624.read.1.tlog
d:\epsilon\epsilon engine\creator\project6\project6\x64\debug\epsiloncreator.tlog\link.1624.write.1.tlog
d:\epsilon\epsilon engine\creator\project6\project6\x64\debug\epsiloncreator.tlog\link.19404-cvtres.read.1.tlog
d:\epsilon\epsilon engine\creator\project6\project6\x64\debug\epsiloncreator.tlog\link.19404-cvtres.write.1.tlog
d:\epsilon\epsilon engine\creator\project6\project6\x64\debug\epsiloncreator.tlog\link.19404-rc.read.1.tlog
d:\epsilon\epsilon engine\creator\project6\project6\x64\debug\epsiloncreator.tlog\link.19404-rc.write.1.tlog
d:\epsilon\epsilon engine\creator\project6\project6\x64\debug\epsiloncreator.tlog\link.19404.read.1.tlog
d:\epsilon\epsilon engine\creator\project6\project6\x64\debug\epsiloncreator.tlog\link.19404.write.1.tlog
d:\epsilon\epsilon engine\creator\project6\project6\x64\debug\epsiloncreator.tlog\link.7748.read.1.tlog
d:\epsilon\epsilon engine\creator\project6\project6\x64\debug\epsiloncreator.tlog\link.7748.write.1.tlog
d:\epsilon\epsilon engine\creator\project6\project6\x64\debug\epsiloncreator.tlog\link.command.1.tlog
d:\epsilon\epsilon engine\creator\project6\project6\x64\debug\epsiloncreator.tlog\link.read.1.tlog
d:\epsilon\epsilon engine\creator\project6\project6\x64\debug\epsiloncreator.tlog\link.write.1.tlog
d:\epsilon\epsilon engine\creator\project6\project6\x64\debug\epsiloncreator.tlog\metagen.read.1.tlog
d:\epsilon\epsilon engine\creator\project6\project6\x64\debug\epsiloncreator.tlog\metagen.write.1.tlog
