C:\Program Files (x86)\Microsoft Visual Studio\2019\Community\MSBuild\Microsoft\VC\v160\Microsoft.CppBuild.targets(467,5): warning MSB8028: The intermediate directory (x64\Debug\) contains files shared from another project (Project6.vcxproj).  This can lead to incorrect clean and rebuild behavior.
  AssemblyInfo.obj : MSIL module encountered; incremental linking is disabled for MSIL; performing full link
Glad.lib(glad.obj) : warning LNK4075: ignoring '/EDITANDCONTINUE' due to '/INCREMENTAL:NO' specification
Epsilon.lib(PostProcess.obj) : error LNK2001: unresolved external symbol glfwGetTime
Epsilon.lib(Model.obj) : error LNK2001: unresolved external symbol glfwGetTime
Epsilon.lib(Water.obj) : error LNK2001: unresolved external symbol glfwGetTime
Epsilon.lib(Epsilon.obj) : error LNK2001: unresolved external symbol glfwGetTime
Epsilon.lib(Camera.obj) : error LNK2001: unresolved external symbol glfwGetTime
Epsilon.lib(Skybox.obj) : error LNK2001: unresolved external symbol glfwGetTime
Epsilon.lib(Sun.obj) : error LNK2001: unresolved external symbol SOIL_load_image
Epsilon.lib(MD5_Model.obj) : error LNK2001: unresolved external symbol SOIL_load_image
Epsilon.lib(ResourceManager.obj) : error LNK2001: unresolved external symbol SOIL_load_image
Epsilon.lib(Patch.obj) : error LNK2001: unresolved external symbol SOIL_load_image
Epsilon.lib(Water.obj) : error LNK2001: unresolved external symbol SOIL_load_image
Epsilon.lib(Epsilon.obj) : error LNK2001: unresolved external symbol SOIL_load_image
Epsilon.lib(Terrain.obj) : error LNK2001: unresolved external symbol SOIL_load_image
Epsilon.lib(PostProcess.obj) : error LNK2001: unresolved external symbol SOIL_load_image
Epsilon.lib(Sun.obj) : error LNK2001: unresolved external symbol SOIL_free_image_data
Epsilon.lib(MD5_Model.obj) : error LNK2001: unresolved external symbol SOIL_free_image_data
Epsilon.lib(ResourceManager.obj) : error LNK2001: unresolved external symbol SOIL_free_image_data
Epsilon.lib(Patch.obj) : error LNK2001: unresolved external symbol SOIL_free_image_data
Epsilon.lib(Water.obj) : error LNK2001: unresolved external symbol SOIL_free_image_data
Epsilon.lib(Epsilon.obj) : error LNK2001: unresolved external symbol SOIL_free_image_data
Epsilon.lib(Terrain.obj) : error LNK2001: unresolved external symbol SOIL_free_image_data
Epsilon.lib(PostProcess.obj) : error LNK2001: unresolved external symbol SOIL_free_image_data
Epsilon.lib(Epsilon.obj) : error LNK2019: unresolved external symbol glfwPollEvents referenced in function "private: void __cdecl Epsilon::Epsilon::PollEvents(void)" (?PollEvents@Epsilon@1@AEAAXXZ)
Epsilon.lib(Epsilon.obj) : error LNK2019: unresolved external symbol glfwSetInputMode referenced in function "private: void __cdecl Epsilon::Epsilon::PollEvents(void)" (?PollEvents@Epsilon@1@AEAAXXZ)
Epsilon.lib(Epsilon.obj) : error LNK2019: unresolved external symbol glfwJoystickPresent referenced in function "public: static void __cdecl Input::Joystick::JoystickManager::DetectJoysticks(void)" (?DetectJoysticks@JoystickManager@Joystick@Input@@SAXXZ)
Epsilon.lib(Epsilon.obj) : error LNK2019: unresolved external symbol glfwGetJoystickAxes referenced in function "public: static void __cdecl Input::Joystick::JoystickManager::DetectJoysticks(void)" (?DetectJoysticks@JoystickManager@Joystick@Input@@SAXXZ)
Epsilon.lib(Epsilon.obj) : error LNK2019: unresolved external symbol glfwGetJoystickButtons referenced in function "public: static void __cdecl Input::Joystick::JoystickManager::DetectJoysticks(void)" (?DetectJoysticks@JoystickManager@Joystick@Input@@SAXXZ)
Epsilon.lib(Epsilon.obj) : error LNK2019: unresolved external symbol glfwGetJoystickName referenced in function "public: static void __cdecl Input::Joystick::JoystickManager::DetectJoysticks(void)" (?DetectJoysticks@JoystickManager@Joystick@Input@@SAXXZ)
Epsilon.lib(Epsilon.obj) : error LNK2019: unresolved external symbol glfwSwapBuffers referenced in function "private: void __cdecl Epsilon::Epsilon::SwapBuffers(void)" (?SwapBuffers@Epsilon@1@AEAAXXZ)
Epsilon.lib(Epsilon.obj) : error LNK2019: unresolved external symbol "public: void __cdecl btRigidBody::setCenterOfMassTransform(class btTransform const &)" (?setCenterOfMassTransform@btRigidBody@@QEAAXAEBVbtTransform@@@Z) referenced in function "public: void __cdecl Epsilon::Component::PhysicComponent::setTransform(class btTransform)" (?setTransform@PhysicComponent@Component@Epsilon@@QEAAXVbtTransform@@@Z)
Epsilon.lib(Player.obj) : error LNK2001: unresolved external symbol "public: void __cdecl btRigidBody::setCenterOfMassTransform(class btTransform const &)" (?setCenterOfMassTransform@btRigidBody@@QEAAXAEBVbtTransform@@@Z)
Epsilon.lib(Epsilon.obj) : error LNK2019: unresolved external symbol "public: class btQuaternion __cdecl btRigidBody::getOrientation(void)const " (?getOrientation@btRigidBody@@QEBA?AVbtQuaternion@@XZ) referenced in function "public: __cdecl Epsilon::Component::PhysicComponent::PhysicComponent(float,struct glm::vec<3,float,0>,struct glm::vec<3,float,0>,enum Epsilon::Physics::Type,struct Epsilon::MIN_MAX_POINTS)" (??0PhysicComponent@Component@Epsilon@@QEAA@MU?$vec@$02M$0A@@glm@@0W4Type@Physics@2@UMIN_MAX_POINTS@2@@Z)
Epsilon.lib(Epsilon.obj) : error LNK2019: unresolved external symbol "public: void __cdecl btSoftBody::setWindVelocity(class btVector3 const &)" (?setWindVelocity@btSoftBody@@QEAAXAEBVbtVector3@@@Z) referenced in function "public: virtual void __cdecl Epsilon::Component::ClothComponent::Update(void)" (?Update@ClothComponent@Component@Epsilon@@UEAAXXZ)
Epsilon.lib(ClothPhysicObject.obj) : error LNK2001: unresolved external symbol "public: void __cdecl btSoftBody::setWindVelocity(class btVector3 const &)" (?setWindVelocity@btSoftBody@@QEAAXAEBVbtVector3@@@Z)
Epsilon.lib(Epsilon.obj) : error LNK2019: unresolved external symbol "public: class btVector3 const & __cdecl btSoftBody::getWindVelocity(void)" (?getWindVelocity@btSoftBody@@QEAAAEBVbtVector3@@XZ) referenced in function "public: virtual void __cdecl Epsilon::Component::ClothComponent::Update(void)" (?Update@ClothComponent@Component@Epsilon@@UEAAXXZ)
Epsilon.lib(Epsilon.obj) : error LNK2019: unresolved external symbol "public: void __cdecl btSoftRigidDynamicsWorld::addSoftBody(class btSoftBody *,int,int)" (?addSoftBody@btSoftRigidDynamicsWorld@@QEAAXPEAVbtSoftBody@@HH@Z) referenced in function "public: __cdecl Epsilon::Component::ClothComponent::ClothComponent(struct glm::vec<3,float,0>,float,struct glm::qua<float,0>,class std::shared_ptr<class Epsilon::Camera>)" (??0ClothComponent@Component@Epsilon@@QEAA@U?$vec@$02M$0A@@glm@@MU?$qua@M$0A@@4@V?$shared_ptr@VCamera@Epsilon@@@std@@@Z)
Epsilon.lib(Epsilon.obj) : error LNK2019: unresolved external symbol __imp_alListener3f referenced in function "public: void __cdecl Epsilon::IO::Audio::AudioListener::UpdateListener(void)" (?UpdateListener@AudioListener@Audio@IO@Epsilon@@QEAAXXZ)
Epsilon.lib(Epsilon.obj) : error LNK2019: unresolved external symbol __imp_alListenerfv referenced in function "public: void __cdecl Epsilon::IO::Audio::AudioListener::UpdateListener(void)" (?UpdateListener@AudioListener@Audio@IO@Epsilon@@QEAAXXZ)
Epsilon.lib(Epsilon.obj) : error LNK2019: unresolved external symbol __imp_alGenSources referenced in function "public: __cdecl Epsilon::IO::Audio::AudioElement::AudioElement(char const *,enum Epsilon::AUDIO_TYPE,struct glm::vec<3,float,0>,struct glm::vec<3,float,0>)" (??0AudioElement@Audio@IO@Epsilon@@QEAA@PEBDW4AUDIO_TYPE@3@U?$vec@$02M$0A@@glm@@2@Z)
Epsilon.lib(Epsilon.obj) : error LNK2019: unresolved external symbol __imp_alSourcef referenced in function "public: __cdecl Epsilon::IO::Audio::AudioElement::AudioElement(char const *,enum Epsilon::AUDIO_TYPE,struct glm::vec<3,float,0>,struct glm::vec<3,float,0>)" (??0AudioElement@Audio@IO@Epsilon@@QEAA@PEBDW4AUDIO_TYPE@3@U?$vec@$02M$0A@@glm@@2@Z)
Epsilon.lib(Audio.obj) : error LNK2001: unresolved external symbol __imp_alSourcef
Epsilon.lib(Epsilon.obj) : error LNK2019: unresolved external symbol __imp_alSource3f referenced in function "public: __cdecl Epsilon::IO::Audio::AudioElement::AudioElement(char const *,enum Epsilon::AUDIO_TYPE,struct glm::vec<3,float,0>,struct glm::vec<3,float,0>)" (??0AudioElement@Audio@IO@Epsilon@@QEAA@PEBDW4AUDIO_TYPE@3@U?$vec@$02M$0A@@glm@@2@Z)
Epsilon.lib(Audio.obj) : error LNK2001: unresolved external symbol __imp_alSource3f
Epsilon.lib(Epsilon.obj) : error LNK2019: unresolved external symbol __imp_alSourcei referenced in function "public: __cdecl Epsilon::IO::Audio::AudioElement::AudioElement(char const *,enum Epsilon::AUDIO_TYPE,struct glm::vec<3,float,0>,struct glm::vec<3,float,0>)" (??0AudioElement@Audio@IO@Epsilon@@QEAA@PEBDW4AUDIO_TYPE@3@U?$vec@$02M$0A@@glm@@2@Z)
Epsilon.lib(Audio.obj) : error LNK2001: unresolved external symbol __imp_alSourcei
Epsilon.lib(Epsilon.obj) : error LNK2019: unresolved external symbol __imp_alGenBuffers referenced in function "public: __cdecl Epsilon::IO::Audio::AudioElement::AudioElement(char const *,enum Epsilon::AUDIO_TYPE,struct glm::vec<3,float,0>,struct glm::vec<3,float,0>)" (??0AudioElement@Audio@IO@Epsilon@@QEAA@PEBDW4AUDIO_TYPE@3@U?$vec@$02M$0A@@glm@@2@Z)
Epsilon.lib(Epsilon.obj) : error LNK2019: unresolved external symbol __imp_alBufferData referenced in function "public: __cdecl Epsilon::IO::Audio::AudioElement::AudioElement(char const *,enum Epsilon::AUDIO_TYPE,struct glm::vec<3,float,0>,struct glm::vec<3,float,0>)" (??0AudioElement@Audio@IO@Epsilon@@QEAA@PEBDW4AUDIO_TYPE@3@U?$vec@$02M$0A@@glm@@2@Z)
Epsilon.lib(Epsilon.obj) : error LNK2019: unresolved external symbol lua_pushnumber referenced in function "private: void __cdecl Scripts::LuaScript::push_arg<int>(int)" (??$push_arg@H@LuaScript@Scripts@@AEAAXH@Z)
Epsilon.lib(Epsilon.obj) : error LNK2019: unresolved external symbol lua_pushstring referenced in function "private: void __cdecl Scripts::LuaScript::push_arg<class std::basic_string<char,struct std::char_traits<char>,class std::allocator<char> > >(class std::basic_string<char,struct std::char_traits<char>,class std::allocator<char> >)" (??$push_arg@V?$basic_string@DU?$char_traits@D@std@@V?$allocator@D@2@@std@@@LuaScript@Scripts@@AEAAXV?$basic_string@DU?$char_traits@D@std@@V?$allocator@D@2@@std@@@Z)
Epsilon.lib(Camera.obj) : error LNK2019: unresolved external symbol glfwGetWindowSize referenced in function "private: void __cdecl Epsilon::Camera::HandleInputs(struct GLFWwindow * &)" (?HandleInputs@Camera@Epsilon@@AEAAXAEAPEAUGLFWwindow@@@Z)
Epsilon.lib(ProgramData.obj) : error LNK2019: unresolved external symbol "public: __cdecl INIReader::INIReader(class std::basic_string<char,struct std::char_traits<char>,class std::allocator<char> > const &)" (??0INIReader@@QEAA@AEBV?$basic_string@DU?$char_traits@D@std@@V?$allocator@D@2@@std@@@Z) referenced in function "public: __cdecl ProgramData::ProgramData(void)" (??0ProgramData@@QEAA@XZ)
Epsilon.lib(ProgramData.obj) : error LNK2019: unresolved external symbol "public: int __cdecl INIReader::ParseError(void)const " (?ParseError@INIReader@@QEBAHXZ) referenced in function "public: __cdecl ProgramData::ProgramData(void)" (??0ProgramData@@QEAA@XZ)
Epsilon.lib(ProgramData.obj) : error LNK2019: unresolved external symbol "public: double __cdecl INIReader::GetReal(class std::basic_string<char,struct std::char_traits<char>,class std::allocator<char> > const &,class std::basic_string<char,struct std::char_traits<char>,class std::allocator<char> > const &,double)const " (?GetReal@INIReader@@QEBANAEBV?$basic_string@DU?$char_traits@D@std@@V?$allocator@D@2@@std@@0N@Z) referenced in function "public: __cdecl ProgramData::ProgramData(void)" (??0ProgramData@@QEAA@XZ)
Epsilon.lib(Player.obj) : error LNK2001: unresolved external symbol "void * __cdecl btAlignedAllocInternal(unsigned __int64,int)" (?btAlignedAllocInternal@@YAPEAX_KH@Z)
Epsilon.lib(Physics.obj) : error LNK2001: unresolved external symbol "void * __cdecl btAlignedAllocInternal(unsigned __int64,int)" (?btAlignedAllocInternal@@YAPEAX_KH@Z)
Epsilon.lib(CubePhysicObject.obj) : error LNK2001: unresolved external symbol "void * __cdecl btAlignedAllocInternal(unsigned __int64,int)" (?btAlignedAllocInternal@@YAPEAX_KH@Z)
Epsilon.lib(SpherePhysicObject.obj) : error LNK2001: unresolved external symbol "void * __cdecl btAlignedAllocInternal(unsigned __int64,int)" (?btAlignedAllocInternal@@YAPEAX_KH@Z)
Epsilon.lib(TriangleMeshPhysicObject.obj) : error LNK2001: unresolved external symbol "void * __cdecl btAlignedAllocInternal(unsigned __int64,int)" (?btAlignedAllocInternal@@YAPEAX_KH@Z)
Epsilon.lib(Player.obj) : error LNK2001: unresolved external symbol "void __cdecl btAlignedFreeInternal(void *)" (?btAlignedFreeInternal@@YAXPEAX@Z)
Epsilon.lib(Physics.obj) : error LNK2001: unresolved external symbol "void __cdecl btAlignedFreeInternal(void *)" (?btAlignedFreeInternal@@YAXPEAX@Z)
Epsilon.lib(CubePhysicObject.obj) : error LNK2001: unresolved external symbol "void __cdecl btAlignedFreeInternal(void *)" (?btAlignedFreeInternal@@YAXPEAX@Z)
Epsilon.lib(SpherePhysicObject.obj) : error LNK2001: unresolved external symbol "void __cdecl btAlignedFreeInternal(void *)" (?btAlignedFreeInternal@@YAXPEAX@Z)
Epsilon.lib(TriangleMeshPhysicObject.obj) : error LNK2001: unresolved external symbol "void __cdecl btAlignedFreeInternal(void *)" (?btAlignedFreeInternal@@YAXPEAX@Z)
Epsilon.lib(Physics.obj) : error LNK2019: unresolved external symbol "public: __cdecl btCollisionDispatcher::btCollisionDispatcher(class btCollisionConfiguration *)" (??0btCollisionDispatcher@@QEAA@PEAVbtCollisionConfiguration@@@Z) referenced in function "public: __cdecl Epsilon::Physics::Physics::Physics(void)" (??0Physics@0Epsilon@@QEAA@XZ)
Epsilon.lib(Physics.obj) : error LNK2019: unresolved external symbol "public: __cdecl btDbvtBroadphase::btDbvtBroadphase(class btOverlappingPairCache *)" (??0btDbvtBroadphase@@QEAA@PEAVbtOverlappingPairCache@@@Z) referenced in function "public: __cdecl Epsilon::Physics::Physics::Physics(void)" (??0Physics@0Epsilon@@QEAA@XZ)
Epsilon.lib(Physics.obj) : error LNK2019: unresolved external symbol "public: __cdecl btSequentialImpulseConstraintSolver::btSequentialImpulseConstraintSolver(void)" (??0btSequentialImpulseConstraintSolver@@QEAA@XZ) referenced in function "public: __cdecl Epsilon::Physics::Physics::Physics(void)" (??0Physics@0Epsilon@@QEAA@XZ)
Epsilon.lib(Physics.obj) : error LNK2019: unresolved external symbol "public: __cdecl btSoftBodyRigidBodyCollisionConfiguration::btSoftBodyRigidBodyCollisionConfiguration(struct btDefaultCollisionConstructionInfo const &)" (??0btSoftBodyRigidBodyCollisionConfiguration@@QEAA@AEBUbtDefaultCollisionConstructionInfo@@@Z) referenced in function "public: __cdecl Epsilon::Physics::Physics::Physics(void)" (??0Physics@0Epsilon@@QEAA@XZ)
Epsilon.lib(Physics.obj) : error LNK2019: unresolved external symbol "public: __cdecl btSoftRigidDynamicsWorld::btSoftRigidDynamicsWorld(class btDispatcher *,class btBroadphaseInterface *,class btConstraintSolver *,class btCollisionConfiguration *,class btSoftBodySolver *)" (??0btSoftRigidDynamicsWorld@@QEAA@PEAVbtDispatcher@@PEAVbtBroadphaseInterface@@PEAVbtConstraintSolver@@PEAVbtCollisionConfiguration@@PEAVbtSoftBodySolver@@@Z) referenced in function "void __cdecl std::_Construct_in_place<class btSoftRigidDynamicsWorld,class btDispatcher *,class btBroadphaseInterface *,class btConstraintSolver *,class btCollisionConfiguration *>(class btSoftRigidDynamicsWorld &,class btDispatcher * &&,class btBroadphaseInterface * &&,class btConstraintSolver * &&,class btCollisionConfiguration * &&)" (??$_Construct_in_place@VbtSoftRigidDynamicsWorld@@PEAVbtDispatcher@@PEAVbtBroadphaseInterface@@PEAVbtConstraintSolver@@PEAVbtCollisionConfiguration@@@std@@YAXAEAVbtSoftRigidDynamicsWorld@@$$QEAPEAVbtDispatcher@@$$QEAPEAVbtBroadphaseInterface@@$$QEAPEAVbtConstraintSolver@@$$QEAPEAVbtCollisionConfiguration@@@Z)
Epsilon.lib(Audio.obj) : error LNK2019: unresolved external symbol __imp_alDopplerFactor referenced in function "public: __cdecl Epsilon::IO::Audio::Audio::Audio(void)" (??0Audio@0IO@Epsilon@@QEAA@XZ)
Epsilon.lib(Audio.obj) : error LNK2019: unresolved external symbol __imp_alDopplerVelocity referenced in function "public: __cdecl Epsilon::IO::Audio::Audio::Audio(void)" (??0Audio@0IO@Epsilon@@QEAA@XZ)
Epsilon.lib(Audio.obj) : error LNK2019: unresolved external symbol __imp_alIsExtensionPresent referenced in function "public: __cdecl Epsilon::IO::Audio::Audio::Audio(void)" (??0Audio@0IO@Epsilon@@QEAA@XZ)
Epsilon.lib(Audio.obj) : error LNK2019: unresolved external symbol __imp_alGetProcAddress referenced in function "public: __cdecl Epsilon::IO::Audio::Audio::Audio(void)" (??0Audio@0IO@Epsilon@@QEAA@XZ)
Epsilon.lib(Audio.obj) : error LNK2019: unresolved external symbol __imp_alGetEnumValue referenced in function "public: __cdecl Epsilon::IO::Audio::Audio::Audio(void)" (??0Audio@0IO@Epsilon@@QEAA@XZ)
Epsilon.lib(Audio.obj) : error LNK2019: unresolved external symbol __imp_alGetSourcei referenced in function "public: void __cdecl Epsilon::IO::Audio::AudioElement::Play(void)" (?Play@AudioElement@Audio@IO@Epsilon@@QEAAXXZ)
Epsilon.lib(Audio.obj) : error LNK2019: unresolved external symbol __imp_alSourcePlay referenced in function "public: void __cdecl Epsilon::IO::Audio::AudioElement::Play(void)" (?Play@AudioElement@Audio@IO@Epsilon@@QEAAXXZ)
Epsilon.lib(Audio.obj) : error LNK2019: unresolved external symbol __imp_alSourceStop referenced in function "public: void __cdecl Epsilon::IO::Audio::AudioElement::Play(void)" (?Play@AudioElement@Audio@IO@Epsilon@@QEAAXXZ)
Epsilon.lib(Audio.obj) : error LNK2019: unresolved external symbol __imp_alcCreateContext referenced in function "public: __cdecl Epsilon::IO::Audio::Audio::Audio(void)" (??0Audio@0IO@Epsilon@@QEAA@XZ)
Epsilon.lib(Audio.obj) : error LNK2019: unresolved external symbol __imp_alcMakeContextCurrent referenced in function "public: __cdecl Epsilon::IO::Audio::Audio::Audio(void)" (??0Audio@0IO@Epsilon@@QEAA@XZ)
Epsilon.lib(Audio.obj) : error LNK2019: unresolved external symbol __imp_alcDestroyContext referenced in function "public: __cdecl Epsilon::IO::Audio::Audio::~Audio(void)" (??1Audio@0IO@Epsilon@@QEAA@XZ)
Epsilon.lib(Audio.obj) : error LNK2019: unresolved external symbol __imp_alcGetCurrentContext referenced in function "public: __cdecl Epsilon::IO::Audio::Audio::Audio(void)" (??0Audio@0IO@Epsilon@@QEAA@XZ)
Epsilon.lib(Audio.obj) : error LNK2019: unresolved external symbol __imp_alcGetContextsDevice referenced in function "public: __cdecl Epsilon::IO::Audio::Audio::Audio(void)" (??0Audio@0IO@Epsilon@@QEAA@XZ)
Epsilon.lib(Audio.obj) : error LNK2019: unresolved external symbol __imp_alcOpenDevice referenced in function "public: __cdecl Epsilon::IO::Audio::Audio::Audio(void)" (??0Audio@0IO@Epsilon@@QEAA@XZ)
Epsilon.lib(Audio.obj) : error LNK2019: unresolved external symbol __imp_alcCloseDevice referenced in function "public: __cdecl Epsilon::IO::Audio::Audio::~Audio(void)" (??1Audio@0IO@Epsilon@@QEAA@XZ)
Epsilon.lib(Audio.obj) : error LNK2019: unresolved external symbol __imp_alcGetError referenced in function "public: __cdecl Epsilon::IO::Audio::Audio::Audio(void)" (??0Audio@0IO@Epsilon@@QEAA@XZ)
Epsilon.lib(Audio.obj) : error LNK2019: unresolved external symbol __imp_alcIsExtensionPresent referenced in function "public: __cdecl Epsilon::IO::Audio::Audio::Audio(void)" (??0Audio@0IO@Epsilon@@QEAA@XZ)
Epsilon.lib(Audio.obj) : error LNK2019: unresolved external symbol __imp_alcGetProcAddress referenced in function "public: __cdecl Epsilon::IO::Audio::Audio::Audio(void)" (??0Audio@0IO@Epsilon@@QEAA@XZ)
Epsilon.lib(Audio.obj) : error LNK2019: unresolved external symbol __imp_alcGetString referenced in function "public: __cdecl Epsilon::IO::Audio::Audio::Audio(void)" (??0Audio@0IO@Epsilon@@QEAA@XZ)
Epsilon.lib(ClothPhysicObject.obj) : error LNK2019: unresolved external symbol "public: struct btSoftBody::Material * __cdecl btSoftBody::appendMaterial(void)" (?appendMaterial@btSoftBody@@QEAAPEAUMaterial@1@XZ) referenced in function "public: virtual class std::shared_ptr<class btSoftBody> __cdecl Epsilon::Physics::ClothPhysicObject::addObject(class std::shared_ptr<struct btSoftBodyWorldInfo>,struct glm::vec<3,float,0>,float,int,int,int)" (?addObject@ClothPhysicObject@Physics@Epsilon@@UEAA?AV?$shared_ptr@VbtSoftBody@@@std@@V?$shared_ptr@UbtSoftBodyWorldInfo@@@5@U?$vec@$02M$0A@@glm@@MHHH@Z)
Epsilon.lib(ClothPhysicObject.obj) : error LNK2019: unresolved external symbol "public: void __cdecl btSoftBody::setTotalMass(float,bool)" (?setTotalMass@btSoftBody@@QEAAXM_N@Z) referenced in function "public: virtual class std::shared_ptr<class btSoftBody> __cdecl Epsilon::Physics::ClothPhysicObject::addObject(class std::shared_ptr<struct btSoftBodyWorldInfo>,struct glm::vec<3,float,0>,float,int,int,int)" (?addObject@ClothPhysicObject@Physics@Epsilon@@UEAA?AV?$shared_ptr@VbtSoftBody@@@std@@V?$shared_ptr@UbtSoftBodyWorldInfo@@@5@U?$vec@$02M$0A@@glm@@MHHH@Z)
Epsilon.lib(ClothPhysicObject.obj) : error LNK2019: unresolved external symbol "public: int __cdecl btSoftBody::generateBendingConstraints(int,struct btSoftBody::Material *)" (?generateBendingConstraints@btSoftBody@@QEAAHHPEAUMaterial@1@@Z) referenced in function "public: virtual class std::shared_ptr<class btSoftBody> __cdecl Epsilon::Physics::ClothPhysicObject::addObject(class std::shared_ptr<struct btSoftBodyWorldInfo>,struct glm::vec<3,float,0>,float,int,int,int)" (?addObject@ClothPhysicObject@Physics@Epsilon@@UEAA?AV?$shared_ptr@VbtSoftBody@@@std@@V?$shared_ptr@UbtSoftBodyWorldInfo@@@5@U?$vec@$02M$0A@@glm@@MHHH@Z)
Epsilon.lib(ClothPhysicObject.obj) : error LNK2019: unresolved external symbol "public: void __cdecl btSoftBody::randomizeConstraints(void)" (?randomizeConstraints@btSoftBody@@QEAAXXZ) referenced in function "public: virtual class std::shared_ptr<class btSoftBody> __cdecl Epsilon::Physics::ClothPhysicObject::addObject(class std::shared_ptr<struct btSoftBodyWorldInfo>,struct glm::vec<3,float,0>,float,int,int,int)" (?addObject@ClothPhysicObject@Physics@Epsilon@@UEAA?AV?$shared_ptr@VbtSoftBody@@@std@@V?$shared_ptr@UbtSoftBodyWorldInfo@@@5@U?$vec@$02M$0A@@glm@@MHHH@Z)
Epsilon.lib(ClothPhysicObject.obj) : error LNK2019: unresolved external symbol "public: int __cdecl btSoftBody::generateClusters(int,int)" (?generateClusters@btSoftBody@@QEAAHHH@Z) referenced in function "public: virtual class std::shared_ptr<class btSoftBody> __cdecl Epsilon::Physics::ClothPhysicObject::addObject(class std::shared_ptr<struct btSoftBodyWorldInfo>,struct glm::vec<3,float,0>,float,int,int,int)" (?addObject@ClothPhysicObject@Physics@Epsilon@@UEAA?AV?$shared_ptr@VbtSoftBody@@@std@@V?$shared_ptr@UbtSoftBodyWorldInfo@@@5@U?$vec@$02M$0A@@glm@@MHHH@Z)
Epsilon.lib(ClothPhysicObject.obj) : error LNK2019: unresolved external symbol "public: static class btSoftBody * __cdecl btSoftBodyHelpers::CreatePatch(struct btSoftBodyWorldInfo &,class btVector3 const &,class btVector3 const &,class btVector3 const &,class btVector3 const &,int,int,int,bool,float)" (?CreatePatch@btSoftBodyHelpers@@SAPEAVbtSoftBody@@AEAUbtSoftBodyWorldInfo@@AEBVbtVector3@@111HHH_NM@Z) referenced in function "public: virtual class std::shared_ptr<class btSoftBody> __cdecl Epsilon::Physics::ClothPhysicObject::addObject(class std::shared_ptr<struct btSoftBodyWorldInfo>,struct glm::vec<3,float,0>,float,int,int,int)" (?addObject@ClothPhysicObject@Physics@Epsilon@@UEAA?AV?$shared_ptr@VbtSoftBody@@@std@@V?$shared_ptr@UbtSoftBodyWorldInfo@@@5@U?$vec@$02M$0A@@glm@@MHHH@Z)
Epsilon.lib(CubePhysicObject.obj) : error LNK2019: unresolved external symbol "public: __cdecl btBoxShape::btBoxShape(class btVector3 const &)" (??0btBoxShape@@QEAA@AEBVbtVector3@@@Z) referenced in function "public: virtual class std::shared_ptr<class btRigidBody> __cdecl Epsilon::Physics::CubePhysicObject::addObject(struct glm::vec<3,float,0>,float,struct Epsilon::MIN_MAX_POINTS,struct glm::vec<3,float,0>)" (?addObject@CubePhysicObject@Physics@Epsilon@@UEAA?AV?$shared_ptr@VbtRigidBody@@@std@@U?$vec@$02M$0A@@glm@@MUMIN_MAX_POINTS@3@0@Z)
Epsilon.lib(CubePhysicObject.obj) : error LNK2019: unresolved external symbol "public: __cdecl btRigidBody::btRigidBody(struct btRigidBody::btRigidBodyConstructionInfo const &)" (??0btRigidBody@@QEAA@AEBUbtRigidBodyConstructionInfo@0@@Z) referenced in function "public: virtual class std::shared_ptr<class btRigidBody> __cdecl Epsilon::Physics::CubePhysicObject::addObject(struct glm::vec<3,float,0>,float,struct Epsilon::MIN_MAX_POINTS,struct glm::vec<3,float,0>)" (?addObject@CubePhysicObject@Physics@Epsilon@@UEAA?AV?$shared_ptr@VbtRigidBody@@@std@@U?$vec@$02M$0A@@glm@@MUMIN_MAX_POINTS@3@0@Z)
Epsilon.lib(SpherePhysicObject.obj) : error LNK2001: unresolved external symbol "public: __cdecl btRigidBody::btRigidBody(struct btRigidBody::btRigidBodyConstructionInfo const &)" (??0btRigidBody@@QEAA@AEBUbtRigidBodyConstructionInfo@0@@Z)
Epsilon.lib(TriangleMeshPhysicObject.obj) : error LNK2001: unresolved external symbol "public: __cdecl btRigidBody::btRigidBody(struct btRigidBody::btRigidBodyConstructionInfo const &)" (??0btRigidBody@@QEAA@AEBUbtRigidBodyConstructionInfo@0@@Z)
Epsilon.lib(Player.obj) : error LNK2001: unresolved external symbol "public: __cdecl btRigidBody::btRigidBody(struct btRigidBody::btRigidBodyConstructionInfo const &)" (??0btRigidBody@@QEAA@AEBUbtRigidBodyConstructionInfo@0@@Z)
Epsilon.lib(SpherePhysicObject.obj) : error LNK2001: unresolved external symbol "public: virtual void __cdecl btCollisionShape::getBoundingSphere(class btVector3 &,float &)const " (?getBoundingSphere@btCollisionShape@@UEBAXAEAVbtVector3@@AEAM@Z)
Epsilon.lib(SpherePhysicObject.obj) : error LNK2001: unresolved external symbol "public: virtual float __cdecl btCollisionShape::getAngularMotionDisc(void)const " (?getAngularMotionDisc@btCollisionShape@@UEBAMXZ)
Epsilon.lib(SpherePhysicObject.obj) : error LNK2001: unresolved external symbol "public: virtual float __cdecl btCollisionShape::getContactBreakingThreshold(float)const " (?getContactBreakingThreshold@btCollisionShape@@UEBAMM@Z)
Epsilon.lib(SpherePhysicObject.obj) : error LNK2019: unresolved external symbol "public: virtual char const * __cdecl btCollisionShape::serialize(void *,class btSerializer *)const " (?serialize@btCollisionShape@@UEBAPEBDPEAXPEAVbtSerializer@@@Z) referenced in function "public: virtual char const * __cdecl btConvexInternalShape::serialize(void *,class btSerializer *)const " (?serialize@btConvexInternalShape@@UEBAPEBDPEAXPEAVbtSerializer@@@Z)
Epsilon.lib(SpherePhysicObject.obj) : error LNK2001: unresolved external symbol "public: virtual void __cdecl btCollisionShape::serializeSingleShape(class btSerializer *)const " (?serializeSingleShape@btCollisionShape@@UEBAXPEAVbtSerializer@@@Z)
Epsilon.lib(SpherePhysicObject.obj) : error LNK2019: unresolved external symbol "public: virtual __cdecl btConvexShape::~btConvexShape(void)" (??1btConvexShape@@UEAA@XZ) referenced in function "public: virtual __cdecl btConvexInternalShape::~btConvexInternalShape(void)" (??1btConvexInternalShape@@UEAA@XZ)
Epsilon.lib(SpherePhysicObject.obj) : error LNK2001: unresolved external symbol "public: virtual void __cdecl btConvexShape::project(class btTransform const &,class btVector3 const &,float &,float &,class btVector3 &,class btVector3 &)const " (?project@btConvexShape@@UEBAXAEBVbtTransform@@AEBVbtVector3@@AEAM2AEAV3@3@Z)
Epsilon.lib(SpherePhysicObject.obj) : error LNK2019: unresolved external symbol "protected: __cdecl btConvexInternalShape::btConvexInternalShape(void)" (??0btConvexInternalShape@@IEAA@XZ) referenced in function "public: __cdecl btSphereShape::btSphereShape(float)" (??0btSphereShape@@QEAA@M@Z)
Epsilon.lib(SpherePhysicObject.obj) : error LNK2001: unresolved external symbol "public: virtual class btVector3 __cdecl btConvexInternalShape::localGetSupportingVertex(class btVector3 const &)const " (?localGetSupportingVertex@btConvexInternalShape@@UEBA?AVbtVector3@@AEBV2@@Z)
Epsilon.lib(SpherePhysicObject.obj) : error LNK2001: unresolved external symbol "public: virtual void __cdecl btConvexInternalShape::getAabbSlow(class btTransform const &,class btVector3 &,class btVector3 &)const " (?getAabbSlow@btConvexInternalShape@@UEBAXAEBVbtTransform@@AEAVbtVector3@@1@Z)
Epsilon.lib(SpherePhysicObject.obj) : error LNK2001: unresolved external symbol "public: virtual void __cdecl btConvexInternalShape::setLocalScaling(class btVector3 const &)" (?setLocalScaling@btConvexInternalShape@@UEAAXAEBVbtVector3@@@Z)
Epsilon.lib(SpherePhysicObject.obj) : error LNK2001: unresolved external symbol "public: virtual class btVector3 __cdecl btSphereShape::localGetSupportingVertex(class btVector3 const &)const " (?localGetSupportingVertex@btSphereShape@@UEBA?AVbtVector3@@AEBV2@@Z)
Epsilon.lib(SpherePhysicObject.obj) : error LNK2001: unresolved external symbol "public: virtual class btVector3 __cdecl btSphereShape::localGetSupportingVertexWithoutMargin(class btVector3 const &)const " (?localGetSupportingVertexWithoutMargin@btSphereShape@@UEBA?AVbtVector3@@AEBV2@@Z)
Epsilon.lib(SpherePhysicObject.obj) : error LNK2001: unresolved external symbol "public: virtual void __cdecl btSphereShape::batchedUnitVectorGetSupportingVertexWithoutMargin(class btVector3 const *,class btVector3 *,int)const " (?batchedUnitVectorGetSupportingVertexWithoutMargin@btSphereShape@@UEBAXPEBVbtVector3@@PEAV2@H@Z)
Epsilon.lib(SpherePhysicObject.obj) : error LNK2001: unresolved external symbol "public: virtual void __cdecl btSphereShape::calculateLocalInertia(float,class btVector3 &)const " (?calculateLocalInertia@btSphereShape@@UEBAXMAEAVbtVector3@@@Z)
Epsilon.lib(SpherePhysicObject.obj) : error LNK2001: unresolved external symbol "public: virtual void __cdecl btSphereShape::getAabb(class btTransform const &,class btVector3 &,class btVector3 &)const " (?getAabb@btSphereShape@@UEBAXAEBVbtTransform@@AEAVbtVector3@@1@Z)
Epsilon.lib(TriangleMeshPhysicObject.obj) : error LNK2019: unresolved external symbol "public: __cdecl btTriangleMesh::btTriangleMesh(bool,bool)" (??0btTriangleMesh@@QEAA@_N0@Z) referenced in function "public: virtual class std::shared_ptr<class btRigidBody> __cdecl Epsilon::Physics::TriangleMeshPhysicObject::addObject(class std::vector<struct glm::vec<3,float,0>,class std::allocator<struct glm::vec<3,float,0> > >,class std::vector<unsigned int,class std::allocator<unsigned int> >,float)" (?addObject@TriangleMeshPhysicObject@Physics@Epsilon@@UEAA?AV?$shared_ptr@VbtRigidBody@@@std@@V?$vector@U?$vec@$02M$0A@@glm@@V?$allocator@U?$vec@$02M$0A@@glm@@@std@@@5@V?$vector@IV?$allocator@I@std@@@5@M@Z)
Epsilon.lib(TriangleMeshPhysicObject.obj) : error LNK2019: unresolved external symbol "public: void __cdecl btTriangleMesh::addTriangle(class btVector3 const &,class btVector3 const &,class btVector3 const &,bool)" (?addTriangle@btTriangleMesh@@QEAAXAEBVbtVector3@@00_N@Z) referenced in function "public: virtual class std::shared_ptr<class btRigidBody> __cdecl Epsilon::Physics::TriangleMeshPhysicObject::addObject(class std::vector<struct glm::vec<3,float,0>,class std::allocator<struct glm::vec<3,float,0> > >,class std::vector<unsigned int,class std::allocator<unsigned int> >,float)" (?addObject@TriangleMeshPhysicObject@Physics@Epsilon@@UEAA?AV?$shared_ptr@VbtRigidBody@@@std@@V?$vector@U?$vec@$02M$0A@@glm@@V?$allocator@U?$vec@$02M$0A@@glm@@@std@@@5@V?$vector@IV?$allocator@I@std@@@5@M@Z)
Epsilon.lib(TriangleMeshPhysicObject.obj) : error LNK2019: unresolved external symbol "public: __cdecl btBvhTriangleMeshShape::btBvhTriangleMeshShape(class btStridingMeshInterface *,bool,bool)" (??0btBvhTriangleMeshShape@@QEAA@PEAVbtStridingMeshInterface@@_N1@Z) referenced in function "public: virtual class std::shared_ptr<class btRigidBody> __cdecl Epsilon::Physics::TriangleMeshPhysicObject::addObject(class std::vector<struct glm::vec<3,float,0>,class std::allocator<struct glm::vec<3,float,0> > >,class std::vector<unsigned int,class std::allocator<unsigned int> >,float)" (?addObject@TriangleMeshPhysicObject@Physics@Epsilon@@UEAA?AV?$shared_ptr@VbtRigidBody@@@std@@V?$vector@U?$vec@$02M$0A@@glm@@V?$allocator@U?$vec@$02M$0A@@glm@@@std@@@5@V?$vector@IV?$allocator@I@std@@@5@M@Z)
Epsilon.lib(Player.obj) : error LNK2019: unresolved external symbol "public: void __cdecl btCollisionObject::setActivationState(int)const " (?setActivationState@btCollisionObject@@QEBAXH@Z) referenced in function "public: __cdecl Epsilon::Player::Player(float,float,float)" (??0Player@Epsilon@@QEAA@MMM@Z)
Epsilon.lib(Player.obj) : error LNK2019: unresolved external symbol "public: void __cdecl btCollisionObject::forceActivationState(int)const " (?forceActivationState@btCollisionObject@@QEBAXH@Z) referenced in function "private: void __cdecl Epsilon::Player::deleteConstraint(void)" (?deleteConstraint@Player@Epsilon@@AEAAXXZ)
Epsilon.lib(Player.obj) : error LNK2019: unresolved external symbol "public: void __cdecl btCollisionObject::activate(bool)const " (?activate@btCollisionObject@@QEBAX_N@Z) referenced in function "private: void __cdecl Epsilon::Player::deleteConstraint(void)" (?deleteConstraint@Player@Epsilon@@AEAAXXZ)
Epsilon.lib(Player.obj) : error LNK2019: unresolved external symbol "public: __cdecl btCapsuleShape::btCapsuleShape(float,float)" (??0btCapsuleShape@@QEAA@MM@Z) referenced in function "public: __cdecl Epsilon::Player::Player(float,float,float)" (??0Player@Epsilon@@QEAA@MMM@Z)
Epsilon.lib(Player.obj) : error LNK2019: unresolved external symbol "public: __cdecl btPoint2PointConstraint::btPoint2PointConstraint(class btRigidBody &,class btVector3 const &)" (??0btPoint2PointConstraint@@QEAA@AEAVbtRigidBody@@AEBVbtVector3@@@Z) referenced in function "private: bool __cdecl Epsilon::Player::pickObject(class btVector3,class btVector3)" (?pickObject@Player@Epsilon@@AEAA_NVbtVector3@@0@Z)
D:\Epsilon\Epsilon Engine\creator\Project6\x64\Debug\EpsilonCreator.exe : fatal error LNK1120: 87 unresolved externals
