


materialPath: I:\Steam\steamapps\common\Source SDK Base 2013 Singleplayer\hl2\materials
Loading J:\Code\Epsilon-Engine\assets\models\jw\01.vmf
Could not locate 'GameData' key in i:\steam\steamapps\common\source sdk base 2013 singleplayer\hl2\gameinfo.txt
fixing up env_cubemap materials on brush sides...
0...1...2...3...4...5...6...7...8...9...10**** leaked ****
Entity info_player_start (-544.00 -704.00 65.00) leaked!

FindPortalSide: Couldn't find a good match for which brush to assign to a portal near (3072.0 1536.0 96.0)
Leaf 0 contents: 
Leaf 1 contents: CONTENTS_SOLID 
viscontents (node 0 contents ^ node 1 contents): CONTENTS_SOLID 
This means that none of the brushes in leaf 0 or 1 that touches the portal has CONTENTS_SOLID 
Check for a huge brush enclosing the coordinates above that has contents CONTENTS_SOLID 
Candidate brush IDs: 


FindPortalSide: Couldn't find a good match for which brush to assign to a portal near (2560.0 2048.0 96.0)
Leaf 0 contents: 
Leaf 1 contents: CONTENTS_SOLID 
viscontents (node 0 contents ^ node 1 contents): CONTENTS_SOLID 
This means that none of the brushes in leaf 0 or 1 that touches the portal has CONTENTS_SOLID 
Check for a huge brush enclosing the coordinates above that has contents CONTENTS_SOLID 
Candidate brush IDs: 


FindPortalSide: Couldn't find a good match for which brush to assign to a portal near (1536.0 1024.0 -8.0)
Leaf 0 contents: CONTENTS_SOLID 
Leaf 1 contents: 
viscontents (node 0 contents ^ node 1 contents): CONTENTS_SOLID 
This means that none of the brushes in leaf 0 or 1 that touches the portal has CONTENTS_SOLID 
Check for a huge brush enclosing the coordinates above that has contents CONTENTS_SOLID 
Candidate brush IDs: 


FindPortalSide: Couldn't find a good match for which brush to assign to a portal near (1536.0 1024.0 200.0)
Leaf 0 contents: CONTENTS_SOLID 
Leaf 1 contents: 
viscontents (node 0 contents ^ node 1 contents): CONTENTS_SOLID 
This means that none of the brushes in leaf 0 or 1 that touches the portal has CONTENTS_SOLID 
Check for a huge brush enclosing the coordinates above that has contents CONTENTS_SOLID 
Candidate brush IDs: 


FindPortalSide: Couldn't find a good match for which brush to assign to a portal near (1536.0 2048.0 96.0)
Leaf 0 contents: 
Leaf 1 contents: CONTENTS_SOLID 
viscontents (node 0 contents ^ node 1 contents): CONTENTS_SOLID 
This means that none of the brushes in leaf 0 or 1 that touches the portal has CONTENTS_SOLID 
Check for a huge brush enclosing the coordinates above that has contents CONTENTS_SOLID 
Candidate brush IDs: 


FindPortalSide: Couldn't find a good match for which brush to assign to a portal near (2048.0 512.0 -8.0)
Leaf 0 contents: CONTENTS_SOLID 
Leaf 1 contents: 
viscontents (node 0 contents ^ node 1 contents): CONTENTS_SOLID 
This means that none of the brushes in leaf 0 or 1 that touches the portal has CONTENTS_SOLID 
Check for a huge brush enclosing the coordinates above that has contents CONTENTS_SOLID 
Candidate brush IDs: 


FindPortalSide: Couldn't find a good match for which brush to assign to a portal near (2048.0 512.0 200.0)
Leaf 0 contents: CONTENTS_SOLID 
Leaf 1 contents: 
viscontents (node 0 contents ^ node 1 contents): CONTENTS_SOLID 
This means that none of the brushes in leaf 0 or 1 that touches the portal has CONTENTS_SOLID 
Check for a huge brush enclosing the coordinates above that has contents CONTENTS_SOLID 
Candidate brush IDs: 


FindPortalSide: Couldn't find a good match for which brush to assign to a portal near (3072.0 512.0 96.0)
Leaf 0 contents: 
Leaf 1 contents: CONTENTS_SOLID 
viscontents (node 0 contents ^ node 1 contents): CONTENTS_SOLID 
This means that none of the brushes in leaf 0 or 1 that touches the portal has CONTENTS_SOLID 
Check for a huge brush enclosing the coordinates above that has contents CONTENTS_SOLID 
Candidate brush IDs: 

*** Suppressing further FindPortalSide errors.... ***
Processing areas...done (0)
Building Faces...done (0)
FixTjuncs...
PruneNodes...
WriteBSP...
done (0)
Creating default LDR cubemaps for env_cubemap using skybox materials:
   skybox/sky_day01_01*.vmt
 ! Run buildcubemaps in the engine to get the correct cube maps.
Creating default HDR cubemaps for env_cubemap using skybox materials:
   skybox/sky_day01_01*.vmt
 ! Run buildcubemaps in the engine to get the correct cube maps.
Finding displacement neighbors...
Finding lightmap sample positions...
Displacement Alpha : 0...1...2...3...4...5...6...7...8...9...10
Building Physics collision data...
done (0) (14906 bytes)
Placing detail props : 0...1...2...3...4...5...6...7...8...9...10
Compacting texture/material tables...
Reduced 8 texinfos to 8
Reduced 2 texdatas to 2 (49 bytes to 49)
Writing J:\Code\Epsilon-Engine\assets\models\jw\01.bsp
0 seconds elapsed



16 threads
reading j:\code\epsilon-engine\assets\models\jw\01.bsp
reading j:\code\epsilon-engine\assets\models\jw\01.prt
LoadPortals: couldn't read j:\code\epsilon-engine\assets\models\jw\01.prt



materialPath: I:\Steam\steamapps\common\Source SDK Base 2013 Singleplayer\hl2\materials
Loading J:\Code\Epsilon-Engine\assets\models\jw\01.vmf
Could not locate 'GameData' key in i:\steam\steamapps\common\source sdk base 2013 singleplayer\hl2\gameinfo.txt
fixing up env_cubemap materials on brush sides...
0...1...2...3...4...5...6...7...8...9...100...1...2...3...4...5...6...7...8...9...10Processing areas...done (0)
Building Faces...done (0)
FixTjuncs...
PruneNodes...
WriteBSP...
done (0)
writing J:\Code\Epsilon-Engine\assets\models\jw\01.prt...Building visibility clusters...
done (0)
Creating default LDR cubemaps for env_cubemap using skybox materials:
   skybox/sky_day01_01*.vmt
 ! Run buildcubemaps in the engine to get the correct cube maps.
Creating default HDR cubemaps for env_cubemap using skybox materials:
   skybox/sky_day01_01*.vmt
 ! Run buildcubemaps in the engine to get the correct cube maps.
Finding displacement neighbors...
Finding lightmap sample positions...
Displacement Alpha : 0...1...2...3...4...5...6...7...8...9...10
Building Physics collision data...
done (0) (17023 bytes)
Placing detail props : 0...1...2...3...4...5...6...7...8...9...10
Compacting texture/material tables...
Reduced 11 texinfos to 9
Reduced 3 texdatas to 3 (67 bytes to 67)
Writing J:\Code\Epsilon-Engine\assets\models\jw\01.bsp
0 seconds elapsed



16 threads
reading j:\code\epsilon-engine\assets\models\jw\01.bsp
reading j:\code\epsilon-engine\assets\models\jw\01.prt
  77 portalclusters
 153 numportals
0...1...2...3...4...5...6...7...8...9...100...1...2...3...4...5...6...7...8...9...10Optimized: 3 visible clusters (0.09%)
Total clusters visible: 3308
Average clusters visible: 42
Building PAS...
Average clusters audible: 77
visdatasize:2231  compressed from 2464
writing j:\code\epsilon-engine\assets\models\jw\01.bsp
0 seconds elapsed



Could not find lights.rad in lights.rad.
Trying VRAD BIN directory instead...
Warning: Couldn't open texlight file I:\Steam\steamapps\common\Source SDK Base 2013 Singleplayer\bin\lights.rad.
Loading j:\code\epsilon-engine\assets\models\jw\01.bsp
446 faces
294311 square feet [42380800.00 square inches]
0 Displacements
0 Square Feet [0.00 Square Inches]
446 patches before subdivision
18082 patches after subdivision
0 direct lights
0...1...2...3...4...5...6...7...8...9...100...1...2...3...4...5...6...7...8...9...10transfers 552664, max 311
transfer lists:   4.2 megs
0...1...2...3...4...5...6...7...8...9...10	Bounce #1 added RGB(0, 0, 0)
Build Patch/Sample Hash Table(s).....Done<0.0026 sec>
0...1...2...3...4...5...6...7...8...9...10FinalLightFace Done
0 of 0 (0% of) surface lights went in leaf ambient cubes.
0...1...2...3...4...5...6...7...8...9...10Writing leaf ambient...done
Ready to Finish

Object names       Objects/Maxobjs  Memory / Maxmem  Fullness 
------------       ---------------  ---------------  -------- 
models                   1/1024           48/49152    ( 0.1%) 
brushes                 46/8192          552/98304    ( 0.6%) 
brushsides             276/65536        2208/524288   ( 0.4%) 
planes                 152/65536        3040/1310720  ( 0.2%) 
vertexes               717/65536        8604/786432   ( 1.1%) 
nodes                  207/65536        6624/2097152  ( 0.3%) 
texinfos                 9/12288         648/884736   ( 0.1%) 
texdata                  3/2048           96/65536    ( 0.1%) 
dispinfos                0/0               0/0        ( 0.0%) 
disp_verts               0/0               0/0        ( 0.0%) 
disp_tris                0/0               0/0        ( 0.0%) 
disp_lmsamples           0/0               0/0        ( 0.0%) 
faces                  446/65536       24976/3670016  ( 0.7%) 
hdr faces                0/65536           0/3670016  ( 0.0%) 
origfaces              151/65536        8456/3670016  ( 0.2%) 
leaves                 209/65536        6688/2097152  ( 0.3%) 
leaffaces              507/65536        1014/131072   ( 0.8%) 
leafbrushes            121/65536         242/131072   ( 0.2%) 
areas                    2/256            16/2048     ( 0.8%) 
surfedges             2698/512000      10792/2048000  ( 0.5%) 
edges                 1498/256000       5992/1024000  ( 0.6%) 
LDR worldlights          0/8192            0/720896   ( 0.0%) 
HDR worldlights          0/8192            0/720896   ( 0.0%) 
leafwaterdata            0/32768           0/393216   ( 0.0%) 
waterstrips             58/32768         580/327680   ( 0.2%) 
waterverts               0/65536           0/786432   ( 0.0%) 
waterindices           867/65536        1734/131072   ( 1.3%) 
cubemapsamples           0/1024            0/16384    ( 0.0%) 
overlays                 0/512             0/180224   ( 0.0%) 
LDR lightdata         [variable]      348340/0        ( 0.0%) 
HDR lightdata         [variable]           0/0        ( 0.0%) 
visdata               [variable]        2231/16777216 ( 0.0%) 
entdata               [variable]         599/393216   ( 0.2%) 
LDR ambient table      209/65536         836/262144   ( 0.3%) 
HDR ambient table      209/65536         836/262144   ( 0.3%) 
LDR leaf ambient        77/65536        2156/1835008  ( 0.1%) 
HDR leaf ambient       209/65536        5852/1835008  ( 0.3%) 
occluders                0/0               0/0        ( 0.0%) 
occluder polygons        0/0               0/0        ( 0.0%) 
occluder vert ind        0/0               0/0        ( 0.0%) 
detail props          [variable]           1/12       ( 8.3%) 
static props          [variable]           1/12       ( 8.3%) 
pakfile               [variable]      105639/0        ( 0.0%) 
physics               [variable]       17023/4194304  ( 0.4%) 
physics terrain       [variable]           2/1048576  ( 0.0%) 

Level flags = 0

Total triangle count: 1202
Writing j:\code\epsilon-engine\assets\models\jw\01.bsp
0 seconds elapsed



materialPath: I:\Steam\steamapps\common\Source SDK Base 2013 Singleplayer\hl2\materials
Loading J:\Code\Epsilon-Engine\assets\models\jw\01.vmf
Could not locate 'GameData' key in i:\steam\steamapps\common\source sdk base 2013 singleplayer\hl2\gameinfo.txt
fixing up env_cubemap materials on brush sides...
0...1...2...3...4...5...6...7...8...9...100...1...2...3...4...5...6...7...8...9...10Processing areas...done (0)
Building Faces...done (0)
FixTjuncs...
PruneNodes...
WriteBSP...
done (0)
writing J:\Code\Epsilon-Engine\assets\models\jw\01.prt...Building visibility clusters...
done (0)
Creating default LDR cubemaps for env_cubemap using skybox materials:
   skybox/sky_day01_01*.vmt
 ! Run buildcubemaps in the engine to get the correct cube maps.
Creating default HDR cubemaps for env_cubemap using skybox materials:
   skybox/sky_day01_01*.vmt
 ! Run buildcubemaps in the engine to get the correct cube maps.
Finding displacement neighbors...
Finding lightmap sample positions...
Displacement Alpha : 0...1...2...3...4...5...6...7...8...9...10
Building Physics collision data...
done (0) (17055 bytes)
Placing detail props : 0...1...2...3...4...5...6...7...8...9...10
Compacting texture/material tables...
Reduced 11 texinfos to 9
Reduced 3 texdatas to 3 (67 bytes to 67)
Writing J:\Code\Epsilon-Engine\assets\models\jw\01.bsp
0 seconds elapsed



16 threads
reading j:\code\epsilon-engine\assets\models\jw\01.bsp
reading j:\code\epsilon-engine\assets\models\jw\01.prt
  87 portalclusters
 180 numportals
0...1...2...3...4...5...6...7...8...9...100...1...2...3...4...5...6...7...8...9...10Optimized: 2 visible clusters (0.05%)
Total clusters visible: 4061
Average clusters visible: 46
Building PAS...
Average clusters audible: 87
visdatasize:2705  compressed from 2784
writing j:\code\epsilon-engine\assets\models\jw\01.bsp
0 seconds elapsed



Could not find lights.rad in lights.rad.
Trying VRAD BIN directory instead...
Warning: Couldn't open texlight file I:\Steam\steamapps\common\Source SDK Base 2013 Singleplayer\bin\lights.rad.
Loading j:\code\epsilon-engine\assets\models\jw\01.bsp
463 faces
294204 square feet [42365440.00 square inches]
0 Displacements
0 Square Feet [0.00 Square Inches]
463 patches before subdivision
17381 patches after subdivision
0 direct lights
0...1...2...3...4...5...6...7...8...9...100...1...2...3...4...5...6...7...8...9...10transfers 541408, max 323
transfer lists:   4.1 megs
0...1...2...3...4...5...6...7...8...9...10	Bounce #1 added RGB(0, 0, 0)
Build Patch/Sample Hash Table(s).....Done<0.0028 sec>
0...1...2...3...4...5...6...7...8...9...10FinalLightFace Done
0 of 0 (0% of) surface lights went in leaf ambient cubes.
0...1...2...3...4...5...6...7...8...9...10Writing leaf ambient...done
Ready to Finish

Object names       Objects/Maxobjs  Memory / Maxmem  Fullness 
------------       ---------------  ---------------  -------- 
models                   1/1024           48/49152    ( 0.1%) 
brushes                 46/8192          552/98304    ( 0.6%) 
brushsides             276/65536        2208/524288   ( 0.4%) 
planes                 166/65536        3320/1310720  ( 0.3%) 
vertexes               736/65536        8832/786432   ( 1.1%) 
nodes                  220/65536        7040/2097152  ( 0.3%) 
texinfos                 9/12288         648/884736   ( 0.1%) 
texdata                  3/2048           96/65536    ( 0.1%) 
dispinfos                0/0               0/0        ( 0.0%) 
disp_verts               0/0               0/0        ( 0.0%) 
disp_tris                0/0               0/0        ( 0.0%) 
disp_lmsamples           0/0               0/0        ( 0.0%) 
faces                  463/65536       25928/3670016  ( 0.7%) 
hdr faces                0/65536           0/3670016  ( 0.0%) 
origfaces              152/65536        8512/3670016  ( 0.2%) 
leaves                 222/65536        7104/2097152  ( 0.3%) 
leaffaces              529/65536        1058/131072   ( 0.8%) 
leafbrushes            121/65536         242/131072   ( 0.2%) 
areas                    2/256            16/2048     ( 0.8%) 
surfedges             2774/512000      11096/2048000  ( 0.5%) 
edges                 1535/256000       6140/1024000  ( 0.6%) 
LDR worldlights          0/8192            0/720896   ( 0.0%) 
HDR worldlights          0/8192            0/720896   ( 0.0%) 
leafwaterdata            0/32768           0/393216   ( 0.0%) 
waterstrips             59/32768         590/327680   ( 0.2%) 
waterverts               0/65536           0/786432   ( 0.0%) 
waterindices           870/65536        1740/131072   ( 1.3%) 
cubemapsamples           0/1024            0/16384    ( 0.0%) 
overlays                 0/512             0/180224   ( 0.0%) 
LDR lightdata         [variable]      349284/0        ( 0.0%) 
HDR lightdata         [variable]           0/0        ( 0.0%) 
visdata               [variable]        2705/16777216 ( 0.0%) 
entdata               [variable]         599/393216   ( 0.2%) 
LDR ambient table      222/65536         888/262144   ( 0.3%) 
HDR ambient table      222/65536         888/262144   ( 0.3%) 
LDR leaf ambient        87/65536        2436/1835008  ( 0.1%) 
HDR leaf ambient       222/65536        6216/1835008  ( 0.3%) 
occluders                0/0               0/0        ( 0.0%) 
occluder polygons        0/0               0/0        ( 0.0%) 
occluder vert ind        0/0               0/0        ( 0.0%) 
detail props          [variable]           1/12       ( 8.3%) 
static props          [variable]           1/12       ( 8.3%) 
pakfile               [variable]      105639/0        ( 0.0%) 
physics               [variable]       17055/4194304  ( 0.4%) 
physics terrain       [variable]           2/1048576  ( 0.0%) 

Level flags = 0

Total triangle count: 1240
Writing j:\code\epsilon-engine\assets\models\jw\01.bsp
0 seconds elapsed



materialPath: I:\Steam\steamapps\common\Source SDK Base 2013 Singleplayer\hl2\materials
Loading J:\Code\Epsilon-Engine\assets\models\jw\01.vmf
Could not locate 'GameData' key in i:\steam\steamapps\common\source sdk base 2013 singleplayer\hl2\gameinfo.txt
fixing up env_cubemap materials on brush sides...
0...1...2...3...4...5...6...7...8...9...100...1...2...3...4...5...6...7...8...9...10Processing areas...done (0)
Building Faces...done (0)
FixTjuncs...
PruneNodes...
WriteBSP...
done (0)
writing J:\Code\Epsilon-Engine\assets\models\jw\01.prt...Building visibility clusters...
done (0)
Creating default LDR cubemaps for env_cubemap using skybox materials:
   skybox/sky_day01_01*.vmt
 ! Run buildcubemaps in the engine to get the correct cube maps.
Creating default HDR cubemaps for env_cubemap using skybox materials:
   skybox/sky_day01_01*.vmt
 ! Run buildcubemaps in the engine to get the correct cube maps.
Finding displacement neighbors...
Finding lightmap sample positions...
Displacement Alpha : 0...1...2...3...4...5...6...7...8...9...10
Building Physics collision data...
done (0) (17055 bytes)
Placing detail props : 0...1...2...3...4...5...6...7...8...9...10
Compacting texture/material tables...
Reduced 9 texinfos to 7
Reduced 3 texdatas to 3 (67 bytes to 67)
Writing J:\Code\Epsilon-Engine\assets\models\jw\01.bsp
0 seconds elapsed



16 threads
reading j:\code\epsilon-engine\assets\models\jw\01.bsp
reading j:\code\epsilon-engine\assets\models\jw\01.prt
  87 portalclusters
 180 numportals
0...1...2...3...4...5...6...7...8...9...100...1...2...3...4...5...6...7...8...9...10Optimized: 2 visible clusters (0.05%)
Total clusters visible: 4061
Average clusters visible: 46
Building PAS...
Average clusters audible: 87
visdatasize:2705  compressed from 2784
writing j:\code\epsilon-engine\assets\models\jw\01.bsp
0 seconds elapsed



Could not find lights.rad in lights.rad.
Trying VRAD BIN directory instead...
Warning: Couldn't open texlight file I:\Steam\steamapps\common\Source SDK Base 2013 Singleplayer\bin\lights.rad.
Loading j:\code\epsilon-engine\assets\models\jw\01.bsp
463 faces
294204 square feet [42365440.00 square inches]
0 Displacements
0 Square Feet [0.00 Square Inches]
463 patches before subdivision
17365 patches after subdivision
0 direct lights
0...1...2...3...4...5...6...7...8...9...100...1...2...3...4...5...6...7...8...9...10transfers 541412, max 323
transfer lists:   4.1 megs
0...1...2...3...4...5...6...7...8...9...10	Bounce #1 added RGB(0, 0, 0)
Build Patch/Sample Hash Table(s).....Done<0.0027 sec>
0...1...2...3...4...5...6...7...8...9...10FinalLightFace Done
0 of 0 (0% of) surface lights went in leaf ambient cubes.
0...1...2...3...4...5...6...7...8...9...10Writing leaf ambient...done
Ready to Finish

Object names       Objects/Maxobjs  Memory / Maxmem  Fullness 
------------       ---------------  ---------------  -------- 
models                   1/1024           48/49152    ( 0.1%) 
brushes                 46/8192          552/98304    ( 0.6%) 
brushsides             276/65536        2208/524288   ( 0.4%) 
planes                 166/65536        3320/1310720  ( 0.3%) 
vertexes               734/65536        8808/786432   ( 1.1%) 
nodes                  220/65536        7040/2097152  ( 0.3%) 
texinfos                 7/12288         504/884736   ( 0.1%) 
texdata                  3/2048           96/65536    ( 0.1%) 
dispinfos                0/0               0/0        ( 0.0%) 
disp_verts               0/0               0/0        ( 0.0%) 
disp_tris                0/0               0/0        ( 0.0%) 
disp_lmsamples           0/0               0/0        ( 0.0%) 
faces                  463/65536       25928/3670016  ( 0.7%) 
hdr faces                0/65536           0/3670016  ( 0.0%) 
origfaces              151/65536        8456/3670016  ( 0.2%) 
leaves                 222/65536        7104/2097152  ( 0.3%) 
leaffaces              529/65536        1058/131072   ( 0.8%) 
leafbrushes            121/65536         242/131072   ( 0.2%) 
areas                    2/256            16/2048     ( 0.8%) 
surfedges             2766/512000      11064/2048000  ( 0.5%) 
edges                 1532/256000       6128/1024000  ( 0.6%) 
LDR worldlights          0/8192            0/720896   ( 0.0%) 
HDR worldlights          0/8192            0/720896   ( 0.0%) 
leafwaterdata            0/32768           0/393216   ( 0.0%) 
waterstrips             53/32768         530/327680   ( 0.2%) 
waterverts               0/65536           0/786432   ( 0.0%) 
waterindices           798/65536        1596/131072   ( 1.2%) 
cubemapsamples           0/1024            0/16384    ( 0.0%) 
overlays                 0/512             0/180224   ( 0.0%) 
LDR lightdata         [variable]      349356/0        ( 0.0%) 
HDR lightdata         [variable]           0/0        ( 0.0%) 
visdata               [variable]        2705/16777216 ( 0.0%) 
entdata               [variable]         599/393216   ( 0.2%) 
LDR ambient table      222/65536         888/262144   ( 0.3%) 
HDR ambient table      222/65536         888/262144   ( 0.3%) 
LDR leaf ambient        87/65536        2436/1835008  ( 0.1%) 
HDR leaf ambient       222/65536        6216/1835008  ( 0.3%) 
occluders                0/0               0/0        ( 0.0%) 
occluder polygons        0/0               0/0        ( 0.0%) 
occluder vert ind        0/0               0/0        ( 0.0%) 
detail props          [variable]           1/12       ( 8.3%) 
static props          [variable]           1/12       ( 8.3%) 
pakfile               [variable]      105639/0        ( 0.0%) 
physics               [variable]       17055/4194304  ( 0.4%) 
physics terrain       [variable]           2/1048576  ( 0.0%) 

Level flags = 0

Total triangle count: 1236
Writing j:\code\epsilon-engine\assets\models\jw\01.bsp
0 seconds elapsed
