PRT1
87
180
4 0 2 (2416 1024 288 ) (2048 1024 288 ) (2048 1024 -112 ) (2416 1024 -112 ) 
4 0 1 (2048 1024 -112 ) (2048 1024 288 ) (2048 1216 288 ) (2048 1216 -112 ) 
4 1 23 (1024 1024 -112 ) (1024 1024 288 ) (1024 1216 288 ) (1024 1216 -112 ) 
4 1 8 (1024 1024 0 ) (1024 1024 -112 ) (2048 1024 -112 ) (2048 1024 0 ) 
4 1 3 (1024 1024 288 ) (1024 1024 192 ) (2048 1024 192 ) (2048 1024 288 ) 
4 2 9 (2416 0 288 ) (2048 0 288 ) (2048 0 -112 ) (2416 0 -112 ) 
4 2 8 (2048 1024 0 ) (2048 1024 -112 ) (2048 0 -112 ) (2048 0 0 ) 
4 2 3 (2048 1024 288 ) (2048 1024 192 ) (2048 0 192 ) (2048 0 288 ) 
4 3 25 (1024 0 192 ) (1024 0 288 ) (1024 1024 288 ) (1024 1024 192 ) 
4 3 10 (2048 0 192 ) (2048 0 288 ) (1024 0 288 ) (1024 0 192 ) 
4 3 5 (1344 704 192 ) (1344 960 192 ) (1664 960 192 ) (1664 704 192 ) 
4 3 6 (1664 0 192 ) (1344 0 192 ) (1344 384 192 ) (1664 384 192 ) 
4 3 7 (1344 0 192 ) (1024 0 192 ) (1024 960 192 ) (1344 960 192 ) 
4 3 4 (1984 0 192 ) (1664 0 192 ) (1664 960 192 ) (1984 960 192 ) 
4 4 11 (1984 0 192 ) (1664 0 192 ) (1664 0 64 ) (1984 0 64 ) 
4 4 5 (1664 960 192 ) (1664 960 64 ) (1664 704 64 ) (1664 704 192 ) 
4 4 6 (1664 384 64 ) (1664 0 64 ) (1664 0 192 ) (1664 384 192 ) 
4 5 7 (1344 960 192 ) (1344 960 64 ) (1344 704 64 ) (1344 704 192 ) 
4 6 11 (1664 0 192 ) (1344 0 192 ) (1344 0 64 ) (1664 0 64 ) 
4 6 7 (1344 384 64 ) (1344 0 64 ) (1344 0 192 ) (1344 384 192 ) 
4 7 31 (1024 0 64 ) (1024 0 192 ) (1024 128 192 ) (1024 128 64 ) 
4 7 29 (1024 128 192 ) (1024 608 192 ) (1024 608 64 ) (1024 128 64 ) 
4 7 28 (1024 608 192 ) (1024 640 192 ) (1024 640 64 ) (1024 608 64 ) 
4 7 26 (1024 640 192 ) (1024 960 192 ) (1024 960 64 ) (1024 640 64 ) 
4 7 14 (1088 0 192 ) (1024 0 192 ) (1024 0 64 ) (1088 0 64 ) 
4 7 12 (1280 0 192 ) (1088 0 192 ) (1088 0 64 ) (1280 0 64 ) 
4 7 11 (1344 0 192 ) (1280 0 192 ) (1280 0 64 ) (1344 0 64 ) 
4 8 33 (1024 0 -112 ) (1024 0 0 ) (1024 1024 0 ) (1024 1024 -112 ) 
4 8 20 (2048 0 -112 ) (2048 0 0 ) (1024 0 0 ) (1024 0 -112 ) 
4 9 21 (2416 -1024 288 ) (2048 -1024 288 ) (2048 -1024 -112 ) (2416 -1024 -112 ) 
4 9 20 (2048 0 0 ) (2048 0 -112 ) (2048 -1024 -112 ) (2048 -1024 0 ) 
4 9 10 (2048 0 288 ) (2048 0 192 ) (2048 -1024 192 ) (2048 -1024 288 ) 
4 10 51 (1024 -1024 192 ) (1024 -1024 288 ) (1024 0 288 ) (1024 0 192 ) 
4 10 22 (1024 -1024 288 ) (1024 -1024 192 ) (2048 -1024 192 ) (2048 -1024 288 ) 
4 10 18 (1280 -704 192 ) (1664 -704 192 ) (1664 -960 192 ) (1280 -960 192 ) 
4 10 19 (1024 -960 192 ) (1024 -704 192 ) (1248 -704 192 ) (1248 -960 192 ) 
4 10 16 (1632 -64 192 ) (1664 -64 192 ) (1664 -256 192 ) (1632 -256 192 ) 
4 10 17 (1024 -672 192 ) (1024 -64 192 ) (1632 -64 192 ) (1632 -672 192 ) 
4 10 15 (1664 -64 192 ) (1984 -64 192 ) (1984 -960 192 ) (1664 -960 192 ) 
4 10 14 (1024 -32 192 ) (1024 0 192 ) (1088 0 192 ) (1088 -32 192 ) 
4 10 12 (1088 0 192 ) (1280 0 192 ) (1280 -32 192 ) (1088 -32 192 ) 
4 10 11 (1280 0 192 ) (1984 0 192 ) (1984 -32 192 ) (1280 -32 192 ) 
4 11 12 (1280 0 64 ) (1280 -32 64 ) (1280 -32 192 ) (1280 0 192 ) 
4 12 14 (1088 0 64 ) (1088 -32 64 ) (1088 -32 192 ) (1088 0 192 ) 
4 12 13 (1088 -32 176 ) (1088 -32 64 ) (1280 -32 64 ) (1280 -32 176 ) 
4 13 17 (1088 -64 64 ) (1280 -64 64 ) (1280 -64 176 ) (1088 -64 176 ) 
4 14 52 (1024 -32 192 ) (1024 0 192 ) (1024 0 64 ) (1024 -32 64 ) 
4 15 18 (1664 -704 64 ) (1664 -960 64 ) (1664 -960 192 ) (1664 -704 192 ) 
4 15 16 (1664 -64 192 ) (1664 -64 64 ) (1664 -256 64 ) (1664 -256 192 ) 
4 16 17 (1632 -64 192 ) (1632 -64 64 ) (1632 -256 64 ) (1632 -256 192 ) 
4 17 54 (1024 -672 192 ) (1024 -64 192 ) (1024 -64 64 ) (1024 -672 64 ) 
4 19 61 (1024 -960 192 ) (1024 -704 192 ) (1024 -704 64 ) (1024 -960 64 ) 
4 20 64 (1024 -1024 -112 ) (1024 -1024 0 ) (1024 0 0 ) (1024 0 -112 ) 
4 20 22 (1024 -1024 0 ) (1024 -1024 -112 ) (2048 -1024 -112 ) (2048 -1024 0 ) 
4 21 22 (2048 -1024 288 ) (2048 -1024 -112 ) (2048 -1200 -112 ) (2048 -1200 288 ) 
4 22 83 (1024 -1200 288 ) (1024 -1024 288 ) (1024 -1024 -112 ) (1024 -1200 -112 ) 
4 23 33 (1024 1024 -112 ) (1024 1024 0 ) (0 1024 0 ) (0 1024 -112 ) 
4 23 25 (1024 1024 192 ) (1024 1024 288 ) (0 1024 288 ) (0 1024 192 ) 
4 23 24 (0 1216 -112 ) (0 1024 -112 ) (0 1024 288 ) (0 1216 288 ) 
4 24 49 (-1024 1024 -112 ) (-1024 1024 288 ) (-1024 1216 288 ) (-1024 1216 -112 ) 
4 24 48 (-1024 1024 0 ) (-1024 1024 -112 ) (0 1024 -112 ) (0 1024 0 ) 
4 24 34 (-1024 1024 288 ) (-1024 1024 192 ) (0 1024 192 ) (0 1024 288 ) 
4 25 51 (1024 0 192 ) (1024 0 288 ) (0 0 288 ) (0 0 192 ) 
4 25 34 (0 1024 288 ) (0 1024 192 ) (0 0 192 ) (0 0 288 ) 
4 25 31 (1024 0 192 ) (640 0 192 ) (640 128 192 ) (1024 128 192 ) 
4 25 32 (608 0 192 ) (0 0 192 ) (0 128 192 ) (608 128 192 ) 
4 25 29 (384 608 192 ) (1024 608 192 ) (1024 128 192 ) (384 128 192 ) 
4 25 30 (0 128 192 ) (0 608 192 ) (352 608 192 ) (352 128 192 ) 
4 25 28 (832 640 192 ) (1024 640 192 ) (1024 608 192 ) (832 608 192 ) 
4 25 26 (224 960 192 ) (1024 960 192 ) (1024 640 192 ) (224 640 192 ) 
4 25 27 (0 640 192 ) (0 960 192 ) (192 960 192 ) (192 640 192 ) 
4 26 28 (832 640 64 ) (1024 640 64 ) (1024 640 192 ) (832 640 192 ) 
4 27 35 (0 960 64 ) (0 640 64 ) (0 640 192 ) (0 960 192 ) 
4 28 29 (832 608 64 ) (1024 608 64 ) (1024 608 192 ) (832 608 192 ) 
4 29 31 (640 128 64 ) (1024 128 64 ) (1024 128 192 ) (640 128 192 ) 
4 29 32 (384 128 64 ) (608 128 64 ) (608 128 192 ) (384 128 192 ) 
4 30 39 (0 608 64 ) (0 128 64 ) (0 128 192 ) (0 608 192 ) 
4 30 32 (0 128 64 ) (352 128 64 ) (352 128 192 ) (0 128 192 ) 
4 31 52 (1024 0 64 ) (1024 0 192 ) (640 0 192 ) (640 0 64 ) 
4 32 53 (608 0 192 ) (0 0 192 ) (0 0 64 ) (608 0 64 ) 
4 32 39 (0 128 64 ) (0 0 64 ) (0 0 192 ) (0 128 192 ) 
4 33 64 (1024 0 -112 ) (1024 0 0 ) (0 0 0 ) (0 0 -112 ) 
4 33 48 (0 1024 0 ) (0 1024 -112 ) (0 0 -112 ) (0 0 0 ) 
4 34 65 (0 0 192 ) (0 0 288 ) (-1024 0 288 ) (-1024 0 192 ) 
4 34 50 (-1024 0 192 ) (-1024 0 288 ) (-1024 1024 288 ) (-1024 1024 192 ) 
4 34 46 (-960 608 192 ) (-640 608 192 ) (-640 288 192 ) (-960 288 192 ) 
4 34 47 (-640 256 192 ) (-640 0 192 ) (-960 0 192 ) (-960 256 192 ) 
4 34 43 (-640 608 192 ) (-512 608 192 ) (-512 288 192 ) (-640 288 192 ) 
4 34 45 (-512 256 192 ) (-512 0 192 ) (-640 0 192 ) (-640 256 192 ) 
4 34 41 (-512 608 192 ) (-64 608 192 ) (-64 288 192 ) (-512 288 192 ) 
4 34 42 (-64 256 192 ) (-64 0 192 ) (-512 0 192 ) (-512 256 192 ) 
4 34 40 (-64 608 192 ) (-32 608 192 ) (-32 320 192 ) (-64 320 192 ) 
4 34 39 (-32 608 192 ) (0 608 192 ) (0 0 192 ) (-32 0 192 ) 
4 34 35 (0 960 192 ) (0 640 192 ) (-288 640 192 ) (-288 960 192 ) 
4 34 36 (-320 640 192 ) (-960 640 192 ) (-960 960 192 ) (-320 960 192 ) 
4 35 37 (-288 640 64 ) (-64 640 64 ) (-64 640 176 ) (-288 640 176 ) 
4 36 38 (-768 640 64 ) (-640 640 64 ) (-640 640 176 ) (-768 640 176 ) 
4 37 41 (-288 608 64 ) (-64 608 64 ) (-64 608 176 ) (-288 608 176 ) 
4 38 46 (-768 608 64 ) (-640 608 64 ) (-640 608 176 ) (-768 608 176 ) 
4 39 66 (0 0 64 ) (0 0 192 ) (-32 0 192 ) (-32 0 64 ) 
4 39 40 (-32 608 192 ) (-32 608 64 ) (-32 320 64 ) (-32 320 192 ) 
4 40 41 (-64 608 192 ) (-64 608 64 ) (-64 320 64 ) (-64 320 192 ) 
4 41 43 (-512 608 192 ) (-512 608 64 ) (-512 288 64 ) (-512 288 192 ) 
4 42 70 (-256 0 192 ) (-512 0 192 ) (-512 0 64 ) (-256 0 64 ) 
4 42 69 (-64 0 192 ) (-256 0 192 ) (-256 0 64 ) (-64 0 64 ) 
4 42 45 (-512 256 64 ) (-512 0 64 ) (-512 0 192 ) (-512 256 192 ) 
4 43 46 (-640 608 192 ) (-640 608 64 ) (-640 288 64 ) (-640 288 192 ) 
4 43 44 (-640 288 176 ) (-640 288 64 ) (-512 288 64 ) (-512 288 176 ) 
4 44 45 (-640 256 176 ) (-640 256 64 ) (-512 256 64 ) (-512 256 176 ) 
4 45 70 (-512 0 192 ) (-640 0 192 ) (-640 0 64 ) (-512 0 64 ) 
4 45 47 (-640 256 64 ) (-640 0 64 ) (-640 0 192 ) (-640 256 192 ) 
4 47 70 (-640 0 192 ) (-768 0 192 ) (-768 0 64 ) (-640 0 64 ) 
4 47 72 (-768 0 192 ) (-960 0 192 ) (-960 0 64 ) (-768 0 64 ) 
4 48 82 (0 0 -112 ) (0 0 0 ) (-1024 0 0 ) (-1024 0 -112 ) 
4 48 50 (-1024 0 -112 ) (-1024 0 0 ) (-1024 1024 0 ) (-1024 1024 -112 ) 
4 49 50 (-1024 1024 -112 ) (-1024 1024 288 ) (-1392 1024 288 ) (-1392 1024 -112 ) 
4 50 85 (-1024 0 -112 ) (-1024 0 288 ) (-1392 0 288 ) (-1392 0 -112 ) 
4 51 83 (1024 -1024 192 ) (1024 -1024 288 ) (0 -1024 288 ) (0 -1024 192 ) 
4 51 65 (0 0 288 ) (0 0 192 ) (0 -1024 192 ) (0 -1024 288 ) 
4 51 62 (288 -768 192 ) (288 -960 192 ) (256 -960 192 ) (256 -768 192 ) 
4 51 61 (288 -704 192 ) (1024 -704 192 ) (1024 -960 192 ) (288 -960 192 ) 
4 51 63 (0 -960 192 ) (0 -704 192 ) (256 -704 192 ) (256 -960 192 ) 
4 51 60 (0 -672 192 ) (0 -320 192 ) (256 -320 192 ) (256 -672 192 ) 
4 51 59 (0 -288 192 ) (0 -64 192 ) (256 -64 192 ) (256 -288 192 ) 
4 51 58 (288 -64 192 ) (704 -64 192 ) (704 -672 192 ) (288 -672 192 ) 
4 51 57 (704 -64 192 ) (736 -64 192 ) (736 -256 192 ) (704 -256 192 ) 
4 51 55 (736 -64 192 ) (960 -64 192 ) (960 -672 192 ) (736 -672 192 ) 
4 51 54 (960 -64 192 ) (1024 -64 192 ) (1024 -672 192 ) (960 -672 192 ) 
4 51 53 (0 -32 192 ) (0 0 192 ) (608 0 192 ) (608 -32 192 ) 
4 51 52 (640 0 192 ) (1024 0 192 ) (1024 -32 192 ) (640 -32 192 ) 
4 53 66 (0 0 192 ) (0 0 64 ) (0 -32 64 ) (0 -32 192 ) 
4 54 55 (960 -64 192 ) (960 -64 64 ) (960 -672 64 ) (960 -672 192 ) 
4 55 57 (736 -64 192 ) (736 -64 64 ) (736 -256 64 ) (736 -256 192 ) 
4 55 56 (736 -672 176 ) (736 -672 64 ) (960 -672 64 ) (960 -672 176 ) 
4 56 61 (736 -704 64 ) (960 -704 64 ) (960 -704 176 ) (736 -704 176 ) 
4 57 58 (704 -64 192 ) (704 -64 64 ) (704 -256 64 ) (704 -256 192 ) 
4 59 67 (0 -64 64 ) (0 -288 64 ) (0 -288 192 ) (0 -64 192 ) 
4 60 73 (0 -448 64 ) (0 -672 64 ) (0 -672 192 ) (0 -448 192 ) 
4 60 68 (0 -320 64 ) (0 -448 64 ) (0 -448 192 ) (0 -320 192 ) 
4 61 62 (288 -768 64 ) (288 -960 64 ) (288 -960 192 ) (288 -768 192 ) 
4 62 63 (256 -768 64 ) (256 -960 64 ) (256 -960 192 ) (256 -768 192 ) 
4 63 74 (0 -704 64 ) (0 -960 64 ) (0 -960 192 ) (0 -704 192 ) 
4 64 83 (1024 -1024 -112 ) (1024 -1024 0 ) (0 -1024 0 ) (0 -1024 -112 ) 
4 64 82 (0 0 0 ) (0 0 -112 ) (0 -1024 -112 ) (0 -1024 0 ) 
4 65 85 (-1024 0 288 ) (-1024 0 192 ) (-1024 -1024 192 ) (-1024 -1024 288 ) 
4 65 84 (0 -1024 192 ) (0 -1024 288 ) (-1024 -1024 288 ) (-1024 -1024 192 ) 
4 65 81 (-832 -960 192 ) (-960 -960 192 ) (-960 -480 192 ) (-832 -480 192 ) 
4 65 78 (-512 -960 192 ) (-640 -960 192 ) (-640 -480 192 ) (-512 -480 192 ) 
4 65 79 (-672 -960 192 ) (-832 -960 192 ) (-832 -480 192 ) (-672 -480 192 ) 
4 65 77 (-384 -960 192 ) (-512 -960 192 ) (-512 -480 192 ) (-384 -480 192 ) 
4 65 75 (-160 -960 192 ) (-384 -960 192 ) (-384 -480 192 ) (-160 -480 192 ) 
4 65 73 (0 -448 192 ) (0 -672 192 ) (-128 -672 192 ) (-128 -448 192 ) 
4 65 74 (0 -704 192 ) (0 -960 192 ) (-128 -960 192 ) (-128 -704 192 ) 
4 65 70 (-768 0 192 ) (-256 0 192 ) (-256 -64 192 ) (-768 -64 192 ) 
4 65 71 (-256 -96 192 ) (-256 -448 192 ) (-768 -448 192 ) (-768 -96 192 ) 
4 65 69 (-256 0 192 ) (-64 0 192 ) (-64 -448 192 ) (-256 -448 192 ) 
4 65 72 (-960 0 192 ) (-768 0 192 ) (-768 -448 192 ) (-960 -448 192 ) 
4 65 68 (0 -320 192 ) (0 -448 192 ) (-64 -448 192 ) (-64 -320 192 ) 
4 65 67 (0 -64 192 ) (0 -288 192 ) (-64 -288 192 ) (-64 -64 192 ) 
4 65 66 (-32 0 192 ) (0 0 192 ) (0 -32 192 ) (-32 -32 192 ) 
4 67 69 (-64 -64 64 ) (-64 -288 64 ) (-64 -288 192 ) (-64 -64 192 ) 
4 68 73 (-64 -448 64 ) (0 -448 64 ) (0 -448 192 ) (-64 -448 192 ) 
4 68 69 (-64 -320 64 ) (-64 -448 64 ) (-64 -448 192 ) (-64 -320 192 ) 
4 69 73 (-128 -448 64 ) (-64 -448 64 ) (-64 -448 192 ) (-128 -448 192 ) 
4 69 70 (-256 0 64 ) (-256 -64 64 ) (-256 -64 192 ) (-256 0 192 ) 
4 69 71 (-256 -96 64 ) (-256 -448 64 ) (-256 -448 192 ) (-256 -96 192 ) 
4 70 72 (-768 0 64 ) (-768 -64 64 ) (-768 -64 192 ) (-768 0 192 ) 
4 71 76 (-512 -448 64 ) (-384 -448 64 ) (-384 -448 176 ) (-512 -448 176 ) 
4 71 72 (-768 -96 64 ) (-768 -448 64 ) (-768 -448 192 ) (-768 -96 192 ) 
4 72 80 (-960 -448 64 ) (-832 -448 64 ) (-832 -448 176 ) (-960 -448 176 ) 
4 75 77 (-384 -480 64 ) (-384 -960 64 ) (-384 -960 192 ) (-384 -480 192 ) 
4 76 77 (-512 -480 176 ) (-512 -480 64 ) (-384 -480 64 ) (-384 -480 176 ) 
4 77 78 (-512 -480 64 ) (-512 -960 64 ) (-512 -960 192 ) (-512 -480 192 ) 
4 79 81 (-832 -480 64 ) (-832 -960 64 ) (-832 -960 192 ) (-832 -480 192 ) 
4 80 81 (-960 -480 176 ) (-960 -480 64 ) (-832 -480 64 ) (-832 -480 176 ) 
4 82 85 (-1024 0 0 ) (-1024 0 -112 ) (-1024 -1024 -112 ) (-1024 -1024 0 ) 
4 82 84 (0 -1024 -112 ) (0 -1024 0 ) (-1024 -1024 0 ) (-1024 -1024 -112 ) 
4 83 84 (0 -1200 288 ) (0 -1024 288 ) (0 -1024 -112 ) (0 -1200 -112 ) 
4 84 86 (-1024 -1200 288 ) (-1024 -1024 288 ) (-1024 -1024 -112 ) (-1024 -1200 -112 ) 
4 85 86 (-1024 -1024 -112 ) (-1024 -1024 288 ) (-1392 -1024 288 ) (-1392 -1024 -112 ) 
